# JRE version: OpenJDK Runtime Environment Temurin-21.0.8+9 (21.0.8+9) (build 21.0.8+9-LTS)
# Java VM: OpenJDK 64-Bit Server VM Temurin-21.0.8+9 (21.0.8+9-LTS, mixed mode, sharing, tiered, compressed oops, compressed class ptrs, parallel gc, windows-amd64)
GC Precious Log:
 CardTable entry size: 512
 CPUs: 12 total, 12 available
 Memory: 16122M
 Large Page Support: Disabled
 NUMA Support: Disabled
 Compressed Oops: Enabled (32-bit)
 Alignments: Space 512K, Generation 512K, Heap 2M
 Heap Min Capacity: 100M
 Heap Initial Capacity: 100M
 Heap Max Capacity: 2G
 Pre-touch: Disabled
 Parallel Workers: 10
Heap:
 PSYoungGen      total 4608K, used 3942K [0x00000000d5580000, 0x00000000d5e00000, 0x0000000100000000)
  eden space 4096K, 84% used [0x00000000d5580000,0x00000000d58e0968,0x00000000d5980000)
  from space 512K, 94% used [0x00000000d5d80000,0x00000000d5df9250,0x00000000d5e00000)
  to   space 512K, 0% used [0x00000000d5d00000,0x00000000d5d00000,0x00000000d5d80000)
 ParOldGen       total 375296K, used 374718K [0x0000000080000000, 0x0000000096e80000, 0x00000000d5580000)
  object space 375296K, 99% used [0x0000000080000000,0x0000000096def930,0x0000000096e80000)
 Metaspace       used 61841K, committed 63168K, reserved 1114112K
  class space    used 6506K, committed 7104K, reserved 1048576K
GC Heap History (20 events):
Event: 9.716 GC heap before
{Heap before GC invocations=268 (full 3):
 PSYoungGen      total 3584K, used 3584K [0x00000000d5580000, 0x00000000d5f00000, 0x0000000100000000)
  eden space 3072K, 100% used [0x00000000d5580000,0x00000000d5880000,0x00000000d5880000)
  from space 512K, 100% used [0x00000000d5e80000,0x00000000d5f00000,0x00000000d5f00000)
  to   space 3072K, 0% used [0x00000000d5900000,0x00000000d5900000,0x00000000d5c00000)
 ParOldGen       total 360960K, used 360952K [0x0000000080000000, 0x0000000096080000, 0x00000000d5580000)
  object space 360960K, 99% used [0x0000000080000000,0x000000009607e2e8,0x0000000096080000)
 Metaspace       used 60030K, committed 61312K, reserved 1114112K
  class space    used 6316K, committed 6848K, reserved 1048576K
}
Event: 9.717 GC heap after
{Heap after GC invocations=268 (full 3):
 PSYoungGen      total 6656K, used 3072K [0x00000000d5580000, 0x00000000d6180000, 0x0000000100000000)
  eden space 3584K, 0% used [0x00000000d5580000,0x00000000d5580000,0x00000000d5900000)
  from space 3072K, 100% used [0x00000000d5900000,0x00000000d5c00000,0x00000000d5c00000)
  to   space 4096K, 0% used [0x00000000d5d80000,0x00000000d5d80000,0x00000000d6180000)
 ParOldGen       total 361984K, used 361560K [0x0000000080000000, 0x0000000096180000, 0x00000000d5580000)
  object space 361984K, 99% used [0x0000000080000000,0x00000000961162e8,0x0000000096180000)
 Metaspace       used 60030K, committed 61312K, reserved 1114112K
  class space    used 6316K, committed 6848K, reserved 1048576K
}
Event: 9.725 GC heap before
{Heap before GC invocations=269 (full 3):
 PSYoungGen      total 6656K, used 6656K [0x00000000d5580000, 0x00000000d6180000, 0x0000000100000000)
  eden space 3584K, 100% used [0x00000000d5580000,0x00000000d5900000,0x00000000d5900000)
  from space 3072K, 100% used [0x00000000d5900000,0x00000000d5c00000,0x00000000d5c00000)
  to   space 4096K, 0% used [0x00000000d5d80000,0x00000000d5d80000,0x00000000d6180000)
 ParOldGen       total 361984K, used 361560K [0x0000000080000000, 0x0000000096180000, 0x00000000d5580000)
  object space 361984K, 99% used [0x0000000080000000,0x00000000961162e8,0x0000000096180000)
 Metaspace       used 60037K, committed 61312K, reserved 1114112K
  class space    used 6316K, committed 6848K, reserved 1048576K
}
Event: 9.728 GC heap after
{Heap after GC invocations=269 (full 3):
 PSYoungGen      total 8192K, used 3778K [0x00000000d5580000, 0x00000000d6200000, 0x0000000100000000)
  eden space 4096K, 0% used [0x00000000d5580000,0x00000000d5580000,0x00000000d5980000)
  from space 4096K, 92% used [0x00000000d5d80000,0x00000000d6130aa8,0x00000000d6180000)
  to   space 4096K, 0% used [0x00000000d5980000,0x00000000d5980000,0x00000000d5d80000)
 ParOldGen       total 365056K, used 364616K [0x0000000080000000, 0x0000000096480000, 0x00000000d5580000)
  object space 365056K, 99% used [0x0000000080000000,0x00000000964122e8,0x0000000096480000)
 Metaspace       used 60037K, committed 61312K, reserved 1114112K
  class space    used 6316K, committed 6848K, reserved 1048576K
}
Event: 9.736 GC heap before
{Heap before GC invocations=270 (full 3):
 PSYoungGen      total 8192K, used 7874K [0x00000000d5580000, 0x00000000d6200000, 0x0000000100000000)
  eden space 4096K, 100% used [0x00000000d5580000,0x00000000d5980000,0x00000000d5980000)
  from space 4096K, 92% used [0x00000000d5d80000,0x00000000d6130aa8,0x00000000d6180000)
  to   space 4096K, 0% used [0x00000000d5980000,0x00000000d5980000,0x00000000d5d80000)
 ParOldGen       total 365056K, used 364616K [0x0000000080000000, 0x0000000096480000, 0x00000000d5580000)
  object space 365056K, 99% used [0x0000000080000000,0x00000000964122e8,0x0000000096480000)
 Metaspace       used 60037K, committed 61312K, reserved 1114112K
  class space    used 6316K, committed 6848K, reserved 1048576K
}
Event: 9.737 GC heap after
{Heap after GC invocations=270 (full 3):
 PSYoungGen      total 8192K, used 3757K [0x00000000d5580000, 0x00000000d6280000, 0x0000000100000000)
  eden space 4096K, 0% used [0x00000000d5580000,0x00000000d5580000,0x00000000d5980000)
  from space 4096K, 91% used [0x00000000d5980000,0x00000000d5d2b408,0x00000000d5d80000)
  to   space 4096K, 0% used [0x00000000d5e80000,0x00000000d5e80000,0x00000000d6280000)
 ParOldGen       total 366592K, used 366469K [0x0000000080000000, 0x0000000096600000, 0x00000000d5580000)
  object space 366592K, 99% used [0x0000000080000000,0x00000000965e1458,0x0000000096600000)
 Metaspace       used 60037K, committed 61312K, reserved 1114112K
  class space    used 6316K, committed 6848K, reserved 1048576K
}
Event: 9.758 GC heap before
{Heap before GC invocations=271 (full 3):
 PSYoungGen      total 8192K, used 7796K [0x00000000d5580000, 0x00000000d6280000, 0x0000000100000000)
  eden space 4096K, 98% used [0x00000000d5580000,0x00000000d5971dc8,0x00000000d5980000)
  from space 4096K, 91% used [0x00000000d5980000,0x00000000d5d2b408,0x00000000d5d80000)
  to   space 4096K, 0% used [0x00000000d5e80000,0x00000000d5e80000,0x00000000d6280000)
 ParOldGen       total 366592K, used 366469K [0x0000000080000000, 0x0000000096600000, 0x00000000d5580000)
  object space 366592K, 99% used [0x0000000080000000,0x00000000965e1458,0x0000000096600000)
 Metaspace       used 60056K, committed 61312K, reserved 1114112K
  class space    used 6316K, committed 6848K, reserved 1048576K
}
Event: 9.760 GC heap after
{Heap after GC invocations=271 (full 3):
 PSYoungGen      total 6656K, used 2157K [0x00000000d5580000, 0x00000000d6100000, 0x0000000100000000)
  eden space 4096K, 0% used [0x00000000d5580000,0x00000000d5580000,0x00000000d5980000)
  from space 2560K, 84% used [0x00000000d5e80000,0x00000000d609b620,0x00000000d6100000)
  to   space 3072K, 0% used [0x00000000d5b00000,0x00000000d5b00000,0x00000000d5e00000)
 ParOldGen       total 370176K, used 369805K [0x0000000080000000, 0x0000000096980000, 0x00000000d5580000)
  object space 370176K, 99% used [0x0000000080000000,0x00000000969236c8,0x0000000096980000)
 Metaspace       used 60056K, committed 61312K, reserved 1114112K
  class space    used 6316K, committed 6848K, reserved 1048576K
}
Event: 9.776 GC heap before
{Heap before GC invocations=272 (full 3):
 PSYoungGen      total 6656K, used 6253K [0x00000000d5580000, 0x00000000d6100000, 0x0000000100000000)
  eden space 4096K, 100% used [0x00000000d5580000,0x00000000d5980000,0x00000000d5980000)
  from space 2560K, 84% used [0x00000000d5e80000,0x00000000d609b620,0x00000000d6100000)
  to   space 3072K, 0% used [0x00000000d5b00000,0x00000000d5b00000,0x00000000d5e00000)
 ParOldGen       total 370176K, used 369805K [0x0000000080000000, 0x0000000096980000, 0x00000000d5580000)
  object space 370176K, 99% used [0x0000000080000000,0x00000000969236c8,0x0000000096980000)
 Metaspace       used 60148K, committed 61440K, reserved 1114112K
  class space    used 6335K, committed 6848K, reserved 1048576K
}
Event: 9.778 GC heap after
{Heap after GC invocations=272 (full 3):
 PSYoungGen      total 7168K, used 2910K [0x00000000d5580000, 0x00000000d5f80000, 0x0000000100000000)
  eden space 4096K, 0% used [0x00000000d5580000,0x00000000d5580000,0x00000000d5980000)
  from space 3072K, 94% used [0x00000000d5b00000,0x00000000d5dd7970,0x00000000d5e00000)
  to   space 1536K, 0% used [0x00000000d5e00000,0x00000000d5e00000,0x00000000d5f80000)
 ParOldGen       total 371712K, used 371527K [0x0000000080000000, 0x0000000096b00000, 0x00000000d5580000)
  object space 371712K, 99% used [0x0000000080000000,0x0000000096ad1fe8,0x0000000096b00000)
 Metaspace       used 60148K, committed 61440K, reserved 1114112K
  class space    used 6335K, committed 6848K, reserved 1048576K
}
Event: 19.452 GC heap before
{Heap before GC invocations=273 (full 3):
 PSYoungGen      total 7168K, used 7006K [0x00000000d5580000, 0x00000000d5f80000, 0x0000000100000000)
  eden space 4096K, 100% used [0x00000000d5580000,0x00000000d5980000,0x00000000d5980000)
  from space 3072K, 94% used [0x00000000d5b00000,0x00000000d5dd7970,0x00000000d5e00000)
  to   space 1536K, 0% used [0x00000000d5e00000,0x00000000d5e00000,0x00000000d5f80000)
 ParOldGen       total 371712K, used 371527K [0x0000000080000000, 0x0000000096b00000, 0x00000000d5580000)
  object space 371712K, 99% used [0x0000000080000000,0x0000000096ad1fe8,0x0000000096b00000)
 Metaspace       used 60428K, committed 61632K, reserved 1114112K
  class space    used 6364K, committed 6848K, reserved 1048576K
}
Event: 19.453 GC heap after
{Heap after GC invocations=273 (full 3):
 PSYoungGen      total 4608K, used 352K [0x00000000d5580000, 0x00000000d5e80000, 0x0000000100000000)
  eden space 4096K, 0% used [0x00000000d5580000,0x00000000d5580000,0x00000000d5980000)
  from space 512K, 68% used [0x00000000d5e00000,0x00000000d5e58020,0x00000000d5e80000)
  to   space 1536K, 0% used [0x00000000d5b80000,0x00000000d5b80000,0x00000000d5d00000)
 ParOldGen       total 372736K, used 372230K [0x0000000080000000, 0x0000000096c00000, 0x00000000d5580000)
  object space 372736K, 99% used [0x0000000080000000,0x0000000096b81978,0x0000000096c00000)
 Metaspace       used 60428K, committed 61632K, reserved 1114112K
  class space    used 6364K, committed 6848K, reserved 1048576K
}
Event: 304.808 GC heap before
{Heap before GC invocations=274 (full 3):
 PSYoungGen      total 4608K, used 4448K [0x00000000d5580000, 0x00000000d5e80000, 0x0000000100000000)
  eden space 4096K, 99% used [0x00000000d5580000,0x00000000d597fff8,0x00000000d5980000)
  from space 512K, 68% used [0x00000000d5e00000,0x00000000d5e58020,0x00000000d5e80000)
  to   space 1536K, 0% used [0x00000000d5b80000,0x00000000d5b80000,0x00000000d5d00000)
 ParOldGen       total 372736K, used 372230K [0x0000000080000000, 0x0000000096c00000, 0x00000000d5580000)
  object space 372736K, 99% used [0x0000000080000000,0x0000000096b81978,0x0000000096c00000)
 Metaspace       used 60763K, committed 62080K, reserved 1114112K
  class space    used 6386K, committed 6976K, reserved 1048576K
}
Event: 304.809 GC heap after
{Heap after GC invocations=274 (full 3):
 PSYoungGen      total 5632K, used 544K [0x00000000d5580000, 0x00000000d5e80000, 0x0000000100000000)
  eden space 4096K, 0% used [0x00000000d5580000,0x00000000d5580000,0x00000000d5980000)
  from space 1536K, 35% used [0x00000000d5b80000,0x00000000d5c08000,0x00000000d5d00000)
  to   space 1024K, 0% used [0x00000000d5d80000,0x00000000d5d80000,0x00000000d5e80000)
 ParOldGen       total 372736K, used 372414K [0x0000000080000000, 0x0000000096c00000, 0x00000000d5580000)
  object space 372736K, 99% used [0x0000000080000000,0x0000000096baf9a8,0x0000000096c00000)
 Metaspace       used 60763K, committed 62080K, reserved 1114112K
  class space    used 6386K, committed 6976K, reserved 1048576K
}
Event: 476.857 GC heap before
{Heap before GC invocations=275 (full 3):
 PSYoungGen      total 5632K, used 4639K [0x00000000d5580000, 0x00000000d5e80000, 0x0000000100000000)
  eden space 4096K, 99% used [0x00000000d5580000,0x00000000d597fff8,0x00000000d5980000)
  from space 1536K, 35% used [0x00000000d5b80000,0x00000000d5c08000,0x00000000d5d00000)
  to   space 1024K, 0% used [0x00000000d5d80000,0x00000000d5d80000,0x00000000d5e80000)
 ParOldGen       total 372736K, used 372414K [0x0000000080000000, 0x0000000096c00000, 0x00000000d5580000)
  object space 372736K, 99% used [0x0000000080000000,0x0000000096baf9a8,0x0000000096c00000)
 Metaspace       used 61136K, committed 62528K, reserved 1114112K
  class space    used 6434K, committed 7040K, reserved 1048576K
}
Event: 476.858 GC heap after
{Heap after GC invocations=275 (full 3):
 PSYoungGen      total 4608K, used 394K [0x00000000d5580000, 0x00000000d5e00000, 0x0000000100000000)
  eden space 4096K, 0% used [0x00000000d5580000,0x00000000d5580000,0x00000000d5980000)
  from space 512K, 77% used [0x00000000d5d80000,0x00000000d5de2b50,0x00000000d5e00000)
  to   space 512K, 0% used [0x00000000d5d00000,0x00000000d5d00000,0x00000000d5d80000)
 ParOldGen       total 373760K, used 373697K [0x0000000080000000, 0x0000000096d00000, 0x00000000d5580000)
  object space 373760K, 99% used [0x0000000080000000,0x0000000096cf0400,0x0000000096d00000)
 Metaspace       used 61136K, committed 62528K, reserved 1114112K
  class space    used 6434K, committed 7040K, reserved 1048576K
}
Event: 494.372 GC heap before
{Heap before GC invocations=276 (full 3):
 PSYoungGen      total 4608K, used 4479K [0x00000000d5580000, 0x00000000d5e00000, 0x0000000100000000)
  eden space 4096K, 99% used [0x00000000d5580000,0x00000000d597d120,0x00000000d5980000)
  from space 512K, 77% used [0x00000000d5d80000,0x00000000d5de2b50,0x00000000d5e00000)
  to   space 512K, 0% used [0x00000000d5d00000,0x00000000d5d00000,0x00000000d5d80000)
 ParOldGen       total 373760K, used 373697K [0x0000000080000000, 0x0000000096d00000, 0x00000000d5580000)
  object space 373760K, 99% used [0x0000000080000000,0x0000000096cf0400,0x0000000096d00000)
 Metaspace       used 61250K, committed 62592K, reserved 1114112K
  class space    used 6436K, committed 7040K, reserved 1048576K
}
Event: 494.373 GC heap after
{Heap after GC invocations=276 (full 3):
 PSYoungGen      total 4608K, used 384K [0x00000000d5580000, 0x00000000d5e00000, 0x0000000100000000)
  eden space 4096K, 0% used [0x00000000d5580000,0x00000000d5580000,0x00000000d5980000)
  from space 512K, 75% used [0x00000000d5d00000,0x00000000d5d60020,0x00000000d5d80000)
  to   space 512K, 0% used [0x00000000d5d80000,0x00000000d5d80000,0x00000000d5e00000)
 ParOldGen       total 375296K, used 374574K [0x0000000080000000, 0x0000000096e80000, 0x00000000d5580000)
  object space 375296K, 99% used [0x0000000080000000,0x0000000096dcb910,0x0000000096e80000)
 Metaspace       used 61250K, committed 62592K, reserved 1114112K
  class space    used 6436K, committed 7040K, reserved 1048576K
}
Event: 494.427 GC heap before
{Heap before GC invocations=277 (full 3):
 PSYoungGen      total 4608K, used 4480K [0x00000000d5580000, 0x00000000d5e00000, 0x0000000100000000)
  eden space 4096K, 99% used [0x00000000d5580000,0x00000000d597fff0,0x00000000d5980000)
  from space 512K, 75% used [0x00000000d5d00000,0x00000000d5d60020,0x00000000d5d80000)
  to   space 512K, 0% used [0x00000000d5d80000,0x00000000d5d80000,0x00000000d5e00000)
 ParOldGen       total 375296K, used 374574K [0x0000000080000000, 0x0000000096e80000, 0x00000000d5580000)
  object space 375296K, 99% used [0x0000000080000000,0x0000000096dcb910,0x0000000096e80000)
 Metaspace       used 61742K, committed 63104K, reserved 1114112K
  class space    used 6498K, committed 7104K, reserved 1048576K
}
Event: 494.428 GC heap after
{Heap after GC invocations=277 (full 3):
 PSYoungGen      total 4608K, used 484K [0x00000000d5580000, 0x00000000d5e00000, 0x0000000100000000)
  eden space 4096K, 0% used [0x00000000d5580000,0x00000000d5580000,0x00000000d5980000)
  from space 512K, 94% used [0x00000000d5d80000,0x00000000d5df9250,0x00000000d5e00000)
  to   space 512K, 0% used [0x00000000d5d00000,0x00000000d5d00000,0x00000000d5d80000)
 ParOldGen       total 375296K, used 374718K [0x0000000080000000, 0x0000000096e80000, 0x00000000d5580000)
  object space 375296K, 99% used [0x0000000080000000,0x0000000096def930,0x0000000096e80000)
 Metaspace       used 61742K, committed 63104K, reserved 1114112K
  class space    used 6498K, committed 7104K, reserved 1048576K
}

